OpenROAD b16bda7e82721d10566ff7e2b68f1ff0be9f9e38 
Features included (+) or not (-): +Charts +GPU +GUI +Python
This program is licensed under the BSD-3 license. See the LICENSE file for details.
Components of this program may be licensed under more restrictive licenses which must be honored.
define_corners Typical
read_liberty -corner Typical /home/sarang/.volare/sky130A/libs.ref/sky130_fd_sc_hd/lib/sky130_fd_sc_hd__tt_025C_1v80.lib
Using 1e-12 for capacitance...
Using 1e+03 for resistance...
Using 1e-09 for time...
Using 1e+00 for voltage...
Using 1e-03 for current...
Using 1e-09 for power...
Using 1e-06 for distance...
[INFO]: Reading ODB at '/openlane/designs/async_fifo/runs/RUN_2025.08.29_07.26.35/tmp/placement/12-resizer.odb'…
Reading design constraints file at '/openlane/designs/async_fifo/src/async_fifo.sdc'…
Placement Analysis
---------------------------------
total displacement          0.0 u
average displacement        0.0 u
max displacement            0.0 u
original HPWL           14114.5 u
legalized HPWL          14509.7 u
delta HPWL                    3 %

[INFO DPL-0020] Mirrored 232 instances
[INFO DPL-0021] HPWL before           14509.7 u
[INFO DPL-0022] HPWL after            14114.5 u
[INFO DPL-0023] HPWL delta               -2.7 %
Setting global connections for newly added cells…
Writing OpenROAD database to '/openlane/designs/async_fifo/runs/RUN_2025.08.29_07.26.35/results/placement/async_fifo.odb'…
Writing netlist to '/openlane/designs/async_fifo/runs/RUN_2025.08.29_07.26.35/results/placement/async_fifo.nl.v'…
Writing powered netlist to '/openlane/designs/async_fifo/runs/RUN_2025.08.29_07.26.35/results/placement/async_fifo.pnl.v'…
Writing layout to '/openlane/designs/async_fifo/runs/RUN_2025.08.29_07.26.35/results/placement/async_fifo.def'…
