
===========================================================================
 report_power
============================================================================
======================= Fastest Corner ===================================

Group                  Internal  Switching    Leakage      Total
                          Power      Power      Power      Power (Watts)
----------------------------------------------------------------
Sequential             1.22e-03   2.35e-04   1.75e-07   1.45e-03  42.7%
Combinational          6.67e-04   6.53e-04   3.36e-09   1.32e-03  38.8%
Clock                  2.96e-04   3.32e-04   2.60e-09   6.27e-04  18.5%
Macro                  0.00e+00   0.00e+00   0.00e+00   0.00e+00   0.0%
Pad                    0.00e+00   0.00e+00   0.00e+00   0.00e+00   0.0%
----------------------------------------------------------------
Total                  2.18e-03   1.22e-03   1.81e-07   3.40e-03 100.0%
                          64.1%      35.9%       0.0%

======================= Slowest Corner ===================================

Group                  Internal  Switching    Leakage      Total
                          Power      Power      Power      Power (Watts)
----------------------------------------------------------------
Sequential             8.32e-04   1.54e-04   2.74e-06   9.88e-04  42.1%
Combinational          5.01e-04   4.27e-04   3.01e-06   9.31e-04  39.7%
Clock                  2.13e-04   2.13e-04   3.66e-07   4.27e-04  18.2%
Macro                  0.00e+00   0.00e+00   0.00e+00   0.00e+00   0.0%
Pad                    0.00e+00   0.00e+00   0.00e+00   0.00e+00   0.0%
----------------------------------------------------------------
Total                  1.55e-03   7.95e-04   6.11e-06   2.35e-03 100.0%
                          65.9%      33.9%       0.3%

======================= Typical Corner ===================================

Group                  Internal  Switching    Leakage      Total
                          Power      Power      Power      Power (Watts)
----------------------------------------------------------------
Sequential             1.06e-03   1.97e-04   1.74e-07   1.25e-03  42.5%
Combinational          6.10e-04   5.48e-04   2.18e-09   1.16e-03  39.3%
Clock                  2.59e-04   2.79e-04   1.73e-09   5.38e-04  18.2%
Macro                  0.00e+00   0.00e+00   0.00e+00   0.00e+00   0.0%
Pad                    0.00e+00   0.00e+00   0.00e+00   0.00e+00   0.0%
----------------------------------------------------------------
Total                  1.93e-03   1.02e-03   1.78e-07   2.95e-03 100.0%
                          65.3%      34.7%       0.0%

