
===========================================================================
 report_power
============================================================================
======================= Fastest Corner ===================================

Group                  Internal  Switching    Leakage      Total
                          Power      Power      Power      Power (Watts)
----------------------------------------------------------------
Sequential             1.22e-03   2.27e-04   1.75e-07   1.44e-03  43.0%
Combinational          6.66e-04   6.27e-04   3.36e-09   1.29e-03  38.5%
Clock                  2.96e-04   3.22e-04   2.60e-09   6.17e-04  18.4%
Macro                  0.00e+00   0.00e+00   0.00e+00   0.00e+00   0.0%
Pad                    0.00e+00   0.00e+00   0.00e+00   0.00e+00   0.0%
----------------------------------------------------------------
Total                  2.18e-03   1.18e-03   1.81e-07   3.35e-03 100.0%
                          64.9%      35.1%       0.0%

======================= Slowest Corner ===================================

Group                  Internal  Switching    Leakage      Total
                          Power      Power      Power      Power (Watts)
----------------------------------------------------------------
Sequential             8.32e-04   1.48e-04   2.74e-06   9.83e-04  42.4%
Combinational          5.00e-04   4.10e-04   3.01e-06   9.13e-04  39.4%
Clock                  2.13e-04   2.07e-04   3.66e-07   4.20e-04  18.1%
Macro                  0.00e+00   0.00e+00   0.00e+00   0.00e+00   0.0%
Pad                    0.00e+00   0.00e+00   0.00e+00   0.00e+00   0.0%
----------------------------------------------------------------
Total                  1.55e-03   7.65e-04   6.11e-06   2.32e-03 100.0%
                          66.7%      33.0%       0.3%

======================= Typical Corner ===================================

Group                  Internal  Switching    Leakage      Total
                          Power      Power      Power      Power (Watts)
----------------------------------------------------------------
Sequential             1.06e-03   1.90e-04   1.74e-07   1.25e-03  42.8%
Combinational          6.10e-04   5.26e-04   2.18e-09   1.14e-03  39.0%
Clock                  2.59e-04   2.70e-04   1.73e-09   5.29e-04  18.2%
Macro                  0.00e+00   0.00e+00   0.00e+00   0.00e+00   0.0%
Pad                    0.00e+00   0.00e+00   0.00e+00   0.00e+00   0.0%
----------------------------------------------------------------
Total                  1.93e-03   9.86e-04   1.78e-07   2.91e-03 100.0%
                          66.1%      33.9%       0.0%

