
===========================================================================
report_checks -unconstrained
===========================================================================
======================= Fastest Corner ===================================

Startpoint: _1116_ (rising edge-triggered flip-flop clocked by rd_clk)
Endpoint: _1109_ (rising edge-triggered flip-flop clocked by rd_clk)
Path Group: rd_clk
Path Type: max
Corner: Fastest

Fanout     Cap    Slew   Delay    Time   Description
-----------------------------------------------------------------------------
                          0.00    0.00   clock rd_clk (rise edge)
                          0.00    0.00   clock source latency
     1    0.02    0.00    0.00    0.00 ^ rd_clk (in)
                                         rd_clk (net)
                  0.00    0.00    0.00 ^ clkbuf_0_rd_clk/A (sky130_fd_sc_hd__clkbuf_16)
     2    0.02    0.03    0.08    0.08 ^ clkbuf_0_rd_clk/X (sky130_fd_sc_hd__clkbuf_16)
                                         clknet_0_rd_clk (net)
                  0.03    0.00    0.08 ^ clkbuf_1_0__f_rd_clk/A (sky130_fd_sc_hd__clkbuf_16)
    12    0.05    0.05    0.10    0.18 ^ clkbuf_1_0__f_rd_clk/X (sky130_fd_sc_hd__clkbuf_16)
                                         clknet_1_0__leaf_rd_clk (net)
                  0.05    0.00    0.18 ^ _1116_/CLK (sky130_fd_sc_hd__dfrtp_1)
     4    0.02    0.11    0.27    0.44 ^ _1116_/Q (sky130_fd_sc_hd__dfrtp_1)
                                         rd_ptr[2] (net)
                  0.11    0.00    0.45 ^ _0641_/A (sky130_fd_sc_hd__clkbuf_4)
    10    0.04    0.11    0.16    0.61 ^ _0641_/X (sky130_fd_sc_hd__clkbuf_4)
                                         _0276_ (net)
                  0.11    0.00    0.61 ^ _0654_/B_N (sky130_fd_sc_hd__and4bb_4)
     8    0.06    0.08    0.21    0.82 v _0654_/X (sky130_fd_sc_hd__and4bb_4)
                                         _0289_ (net)
                  0.08    0.00    0.83 v _0709_/A2 (sky130_fd_sc_hd__a22o_1)
     1    0.00    0.03    0.13    0.96 v _0709_/X (sky130_fd_sc_hd__a22o_1)
                                         _0340_ (net)
                  0.03    0.00    0.96 v _0710_/C1 (sky130_fd_sc_hd__a221o_1)
     1    0.00    0.03    0.09    1.05 v _0710_/X (sky130_fd_sc_hd__a221o_1)
                                         _0341_ (net)
                  0.03    0.00    1.05 v _0713_/C (sky130_fd_sc_hd__or4_1)
     1    0.01    0.06    0.27    1.32 v _0713_/X (sky130_fd_sc_hd__or4_1)
                                         _0344_ (net)
                  0.06    0.00    1.32 v _0714_/C1 (sky130_fd_sc_hd__a211o_1)
     1    0.02    0.08    0.16    1.48 v _0714_/X (sky130_fd_sc_hd__a211o_1)
                                         _0345_ (net)
                  0.08    0.00    1.48 v _0716_/B1 (sky130_fd_sc_hd__a22o_1)
     1    0.00    0.03    0.10    1.58 v _0716_/X (sky130_fd_sc_hd__a22o_1)
                                         _0049_ (net)
                  0.03    0.00    1.58 v _1109_/D (sky130_fd_sc_hd__dfrtp_1)
                                  1.58   data arrival time

                         12.50   12.50   clock rd_clk (rise edge)
                          0.00   12.50   clock source latency
     1    0.02    0.00    0.00   12.50 ^ rd_clk (in)
                                         rd_clk (net)
                  0.00    0.00   12.50 ^ clkbuf_0_rd_clk/A (sky130_fd_sc_hd__clkbuf_16)
     2    0.02    0.03    0.08   12.58 ^ clkbuf_0_rd_clk/X (sky130_fd_sc_hd__clkbuf_16)
                                         clknet_0_rd_clk (net)
                  0.03    0.00   12.58 ^ clkbuf_1_0__f_rd_clk/A (sky130_fd_sc_hd__clkbuf_16)
    12    0.05    0.05    0.10   12.68 ^ clkbuf_1_0__f_rd_clk/X (sky130_fd_sc_hd__clkbuf_16)
                                         clknet_1_0__leaf_rd_clk (net)
                  0.05    0.00   12.68 ^ _1109_/CLK (sky130_fd_sc_hd__dfrtp_1)
                          0.00   12.68   clock reconvergence pessimism
                         -0.07   12.61   library setup time
                                 12.61   data required time
-----------------------------------------------------------------------------
                                 12.61   data required time
                                 -1.58   data arrival time
-----------------------------------------------------------------------------
                                 11.03   slack (MET)


Startpoint: _1133_ (rising edge-triggered flip-flop clocked by wr_clk)
Endpoint: _1188_ (rising edge-triggered flip-flop clocked by wr_clk)
Path Group: wr_clk
Path Type: max
Corner: Fastest

Fanout     Cap    Slew   Delay    Time   Description
-----------------------------------------------------------------------------
                          0.00    0.00   clock wr_clk (rise edge)
                          0.00    0.00   clock source latency
     1    0.03    0.00    0.00    0.00 ^ wr_clk (in)
                                         wr_clk (net)
                  0.00    0.00    0.00 ^ clkbuf_0_wr_clk/A (sky130_fd_sc_hd__clkbuf_16)
    16    0.11    0.10    0.13    0.13 ^ clkbuf_0_wr_clk/X (sky130_fd_sc_hd__clkbuf_16)
                                         clknet_0_wr_clk (net)
                  0.10    0.00    0.13 ^ clkbuf_4_10_0_wr_clk/A (sky130_fd_sc_hd__clkbuf_8)
     7    0.04    0.06    0.12    0.26 ^ clkbuf_4_10_0_wr_clk/X (sky130_fd_sc_hd__clkbuf_8)
                                         clknet_4_10_0_wr_clk (net)
                  0.06    0.00    0.26 ^ _1133_/CLK (sky130_fd_sc_hd__dfrtp_4)
    10    0.03    0.07    0.34    0.59 v _1133_/Q (sky130_fd_sc_hd__dfrtp_4)
                                         wr_ptr[0] (net)
                  0.07    0.00    0.59 v _0562_/A3 (sky130_fd_sc_hd__a31o_1)
     2    0.01    0.05    0.18    0.77 v _0562_/X (sky130_fd_sc_hd__a31o_1)
                                         _0215_ (net)
                  0.05    0.00    0.77 v _0563_/B (sky130_fd_sc_hd__xnor2_1)
     1    0.00    0.03    0.09    0.86 v _0563_/Y (sky130_fd_sc_hd__xnor2_1)
                                         _0216_ (net)
                  0.03    0.00    0.86 v _0565_/A2 (sky130_fd_sc_hd__a221o_1)
     1    0.00    0.03    0.17    1.03 v _0565_/X (sky130_fd_sc_hd__a221o_1)
                                         _0218_ (net)
                  0.03    0.00    1.03 v _0568_/C (sky130_fd_sc_hd__or4_1)
     2    0.01    0.07    0.28    1.32 v _0568_/X (sky130_fd_sc_hd__or4_1)
                                         _0221_ (net)
                  0.07    0.00    1.32 v _0569_/A (sky130_fd_sc_hd__clkbuf_4)
    10    0.05    0.07    0.15    1.47 v _0569_/X (sky130_fd_sc_hd__clkbuf_4)
                                         _0222_ (net)
                  0.07    0.00    1.47 v _0905_/A2 (sky130_fd_sc_hd__o2111a_4)
     8    0.07    0.09    0.26    1.73 v _0905_/X (sky130_fd_sc_hd__o2111a_4)
                                         _0444_ (net)
                  0.09    0.00    1.73 v _0918_/S (sky130_fd_sc_hd__mux2_1)
     1    0.00    0.04    0.21    1.94 v _0918_/X (sky130_fd_sc_hd__mux2_1)
                                         _0451_ (net)
                  0.04    0.00    1.94 v _0919_/A (sky130_fd_sc_hd__clkbuf_1)
     1    0.00    0.02    0.06    2.00 v _0919_/X (sky130_fd_sc_hd__clkbuf_1)
                                         _0118_ (net)
                  0.02    0.00    2.00 v _1188_/D (sky130_fd_sc_hd__dfxtp_1)
                                  2.00   data arrival time

                         10.00   10.00   clock wr_clk (rise edge)
                          0.00   10.00   clock source latency
     1    0.03    0.00    0.00   10.00 ^ wr_clk (in)
                                         wr_clk (net)
                  0.00    0.00   10.00 ^ clkbuf_0_wr_clk/A (sky130_fd_sc_hd__clkbuf_16)
    16    0.11    0.10    0.13   10.13 ^ clkbuf_0_wr_clk/X (sky130_fd_sc_hd__clkbuf_16)
                                         clknet_0_wr_clk (net)
                  0.10    0.00   10.13 ^ clkbuf_4_13_0_wr_clk/A (sky130_fd_sc_hd__clkbuf_8)
     8    0.04    0.06    0.12   10.26 ^ clkbuf_4_13_0_wr_clk/X (sky130_fd_sc_hd__clkbuf_8)
                                         clknet_4_13_0_wr_clk (net)
                  0.06    0.00   10.26 ^ _1188_/CLK (sky130_fd_sc_hd__dfxtp_1)
                          0.00   10.26   clock reconvergence pessimism
                         -0.06   10.20   library setup time
                                 10.20   data required time
-----------------------------------------------------------------------------
                                 10.20   data required time
                                 -2.00   data arrival time
-----------------------------------------------------------------------------
                                  8.20   slack (MET)



======================= Slowest Corner ===================================

Startpoint: _1114_ (rising edge-triggered flip-flop clocked by rd_clk)
Endpoint: _1107_ (rising edge-triggered flip-flop clocked by rd_clk)
Path Group: rd_clk
Path Type: max
Corner: Slowest

Fanout     Cap    Slew   Delay    Time   Description
-----------------------------------------------------------------------------
                          0.00    0.00   clock rd_clk (rise edge)
                          0.00    0.00   clock source latency
     1    0.02    0.00    0.00    0.00 ^ rd_clk (in)
                                         rd_clk (net)
                  0.00    0.00    0.00 ^ clkbuf_0_rd_clk/A (sky130_fd_sc_hd__clkbuf_16)
     2    0.02    0.07    0.19    0.19 ^ clkbuf_0_rd_clk/X (sky130_fd_sc_hd__clkbuf_16)
                                         clknet_0_rd_clk (net)
                  0.07    0.00    0.19 ^ clkbuf_1_0__f_rd_clk/A (sky130_fd_sc_hd__clkbuf_16)
    12    0.05    0.10    0.26    0.45 ^ clkbuf_1_0__f_rd_clk/X (sky130_fd_sc_hd__clkbuf_16)
                                         clknet_1_0__leaf_rd_clk (net)
                  0.10    0.00    0.45 ^ _1114_/CLK (sky130_fd_sc_hd__dfrtp_4)
     9    0.03    0.17    1.09    1.54 v _1114_/Q (sky130_fd_sc_hd__dfrtp_4)
                                         rd_ptr[0] (net)
                  0.17    0.00    1.54 v _0616_/A (sky130_fd_sc_hd__buf_4)
    10    0.05    0.14    0.38    1.92 v _0616_/X (sky130_fd_sc_hd__buf_4)
                                         _0259_ (net)
                  0.14    0.00    1.92 v _0663_/C (sky130_fd_sc_hd__and4bb_4)
     8    0.05    0.16    0.49    2.41 v _0663_/X (sky130_fd_sc_hd__and4bb_4)
                                         _0298_ (net)
                  0.16    0.00    2.41 v _0733_/B1 (sky130_fd_sc_hd__a22o_1)
     1    0.01    0.13    0.42    2.83 v _0733_/X (sky130_fd_sc_hd__a22o_1)
                                         _0362_ (net)
                  0.13    0.00    2.83 v _0734_/C1 (sky130_fd_sc_hd__a221o_1)
     1    0.00    0.08    0.49    3.33 v _0734_/X (sky130_fd_sc_hd__a221o_1)
                                         _0363_ (net)
                  0.08    0.00    3.33 v _0737_/C (sky130_fd_sc_hd__or4_1)
     1    0.01    0.22    1.18    4.50 v _0737_/X (sky130_fd_sc_hd__or4_1)
                                         _0366_ (net)
                  0.22    0.00    4.50 v _0738_/C1 (sky130_fd_sc_hd__a211o_1)
     1    0.01    0.14    0.55    5.05 v _0738_/X (sky130_fd_sc_hd__a211o_1)
                                         _0367_ (net)
                  0.14    0.00    5.05 v _0740_/B1 (sky130_fd_sc_hd__a22o_1)
     1    0.00    0.07    0.35    5.40 v _0740_/X (sky130_fd_sc_hd__a22o_1)
                                         _0047_ (net)
                  0.07    0.00    5.40 v _1107_/D (sky130_fd_sc_hd__dfrtp_1)
                                  5.40   data arrival time

                         12.50   12.50   clock rd_clk (rise edge)
                          0.00   12.50   clock source latency
     1    0.02    0.00    0.00   12.50 ^ rd_clk (in)
                                         rd_clk (net)
                  0.00    0.00   12.50 ^ clkbuf_0_rd_clk/A (sky130_fd_sc_hd__clkbuf_16)
     2    0.02    0.07    0.19   12.69 ^ clkbuf_0_rd_clk/X (sky130_fd_sc_hd__clkbuf_16)
                                         clknet_0_rd_clk (net)
                  0.07    0.00   12.69 ^ clkbuf_1_0__f_rd_clk/A (sky130_fd_sc_hd__clkbuf_16)
    12    0.05    0.10    0.26   12.95 ^ clkbuf_1_0__f_rd_clk/X (sky130_fd_sc_hd__clkbuf_16)
                                         clknet_1_0__leaf_rd_clk (net)
                  0.10    0.00   12.95 ^ _1107_/CLK (sky130_fd_sc_hd__dfrtp_1)
                          0.00   12.95   clock reconvergence pessimism
                         -0.27   12.68   library setup time
                                 12.68   data required time
-----------------------------------------------------------------------------
                                 12.68   data required time
                                 -5.40   data arrival time
-----------------------------------------------------------------------------
                                  7.28   slack (MET)


Startpoint: _1134_ (rising edge-triggered flip-flop clocked by wr_clk)
Endpoint: _1188_ (rising edge-triggered flip-flop clocked by wr_clk)
Path Group: wr_clk
Path Type: max
Corner: Slowest

Fanout     Cap    Slew   Delay    Time   Description
-----------------------------------------------------------------------------
                          0.00    0.00   clock wr_clk (rise edge)
                          0.00    0.00   clock source latency
     1    0.03    0.00    0.00    0.00 ^ wr_clk (in)
                                         wr_clk (net)
                  0.00    0.00    0.00 ^ clkbuf_0_wr_clk/A (sky130_fd_sc_hd__clkbuf_16)
    16    0.11    0.20    0.30    0.30 ^ clkbuf_0_wr_clk/X (sky130_fd_sc_hd__clkbuf_16)
                                         clknet_0_wr_clk (net)
                  0.20    0.00    0.30 ^ clkbuf_4_10_0_wr_clk/A (sky130_fd_sc_hd__clkbuf_8)
     7    0.04    0.13    0.33    0.63 ^ clkbuf_4_10_0_wr_clk/X (sky130_fd_sc_hd__clkbuf_8)
                                         clknet_4_10_0_wr_clk (net)
                  0.13    0.00    0.64 ^ _1134_/CLK (sky130_fd_sc_hd__dfrtp_1)
     2    0.01    0.11    0.80    1.43 v _1134_/Q (sky130_fd_sc_hd__dfrtp_1)
                                         wr_ptr[1] (net)
                  0.11    0.00    1.43 v _0547_/A (sky130_fd_sc_hd__buf_2)
    10    0.03    0.17    0.37    1.80 v _0547_/X (sky130_fd_sc_hd__buf_2)
                                         _0200_ (net)
                  0.17    0.00    1.80 v _0548_/C (sky130_fd_sc_hd__and4_1)
     3    0.01    0.15    0.52    2.32 v _0548_/X (sky130_fd_sc_hd__and4_1)
                                         _0201_ (net)
                  0.15    0.00    2.32 v _0549_/B (sky130_fd_sc_hd__xor2_1)
     2    0.01    0.13    0.32    2.64 v _0549_/X (sky130_fd_sc_hd__xor2_1)
                                         _0202_ (net)
                  0.13    0.00    2.64 v _0565_/B1 (sky130_fd_sc_hd__a221o_1)
     1    0.00    0.09    0.56    3.19 v _0565_/X (sky130_fd_sc_hd__a221o_1)
                                         _0218_ (net)
                  0.09    0.00    3.19 v _0568_/C (sky130_fd_sc_hd__or4_1)
     2    0.01    0.22    1.19    4.38 v _0568_/X (sky130_fd_sc_hd__or4_1)
                                         _0221_ (net)
                  0.22    0.00    4.38 v _0569_/A (sky130_fd_sc_hd__clkbuf_4)
    10    0.05    0.18    0.43    4.81 v _0569_/X (sky130_fd_sc_hd__clkbuf_4)
                                         _0222_ (net)
                  0.18    0.00    4.81 v _0905_/A2 (sky130_fd_sc_hd__o2111a_4)
     8    0.07    0.22    0.71    5.51 v _0905_/X (sky130_fd_sc_hd__o2111a_4)
                                         _0444_ (net)
                  0.22    0.00    5.52 v _0918_/S (sky130_fd_sc_hd__mux2_1)
     1    0.00    0.13    0.77    6.29 v _0918_/X (sky130_fd_sc_hd__mux2_1)
                                         _0451_ (net)
                  0.13    0.00    6.29 v _0919_/A (sky130_fd_sc_hd__clkbuf_1)
     1    0.00    0.05    0.18    6.47 v _0919_/X (sky130_fd_sc_hd__clkbuf_1)
                                         _0118_ (net)
                  0.05    0.00    6.47 v _1188_/D (sky130_fd_sc_hd__dfxtp_1)
                                  6.47   data arrival time

                         10.00   10.00   clock wr_clk (rise edge)
                          0.00   10.00   clock source latency
     1    0.03    0.00    0.00   10.00 ^ wr_clk (in)
                                         wr_clk (net)
                  0.00    0.00   10.00 ^ clkbuf_0_wr_clk/A (sky130_fd_sc_hd__clkbuf_16)
    16    0.11    0.20    0.30   10.30 ^ clkbuf_0_wr_clk/X (sky130_fd_sc_hd__clkbuf_16)
                                         clknet_0_wr_clk (net)
                  0.20    0.00   10.30 ^ clkbuf_4_13_0_wr_clk/A (sky130_fd_sc_hd__clkbuf_8)
     8    0.04    0.12    0.33   10.63 ^ clkbuf_4_13_0_wr_clk/X (sky130_fd_sc_hd__clkbuf_8)
                                         clknet_4_13_0_wr_clk (net)
                  0.12    0.00   10.63 ^ _1188_/CLK (sky130_fd_sc_hd__dfxtp_1)
                          0.00   10.63   clock reconvergence pessimism
                         -0.24   10.39   library setup time
                                 10.39   data required time
-----------------------------------------------------------------------------
                                 10.39   data required time
                                 -6.47   data arrival time
-----------------------------------------------------------------------------
                                  3.92   slack (MET)



======================= Typical Corner ===================================

Startpoint: _1116_ (rising edge-triggered flip-flop clocked by rd_clk)
Endpoint: _1109_ (rising edge-triggered flip-flop clocked by rd_clk)
Path Group: rd_clk
Path Type: max
Corner: Typical

Fanout     Cap    Slew   Delay    Time   Description
-----------------------------------------------------------------------------
                          0.00    0.00   clock rd_clk (rise edge)
                          0.00    0.00   clock source latency
     1    0.02    0.00    0.00    0.00 ^ rd_clk (in)
                                         rd_clk (net)
                  0.00    0.00    0.00 ^ clkbuf_0_rd_clk/A (sky130_fd_sc_hd__clkbuf_16)
     2    0.02    0.04    0.11    0.11 ^ clkbuf_0_rd_clk/X (sky130_fd_sc_hd__clkbuf_16)
                                         clknet_0_rd_clk (net)
                  0.04    0.00    0.11 ^ clkbuf_1_0__f_rd_clk/A (sky130_fd_sc_hd__clkbuf_16)
    12    0.05    0.07    0.15    0.26 ^ clkbuf_1_0__f_rd_clk/X (sky130_fd_sc_hd__clkbuf_16)
                                         clknet_1_0__leaf_rd_clk (net)
                  0.07    0.00    0.26 ^ _1116_/CLK (sky130_fd_sc_hd__dfrtp_1)
     4    0.02    0.15    0.41    0.66 ^ _1116_/Q (sky130_fd_sc_hd__dfrtp_1)
                                         rd_ptr[2] (net)
                  0.15    0.00    0.66 ^ _0641_/A (sky130_fd_sc_hd__clkbuf_4)
    10    0.04    0.14    0.24    0.91 ^ _0641_/X (sky130_fd_sc_hd__clkbuf_4)
                                         _0276_ (net)
                  0.14    0.00    0.91 ^ _0654_/B_N (sky130_fd_sc_hd__and4bb_4)
     8    0.06    0.10    0.33    1.24 v _0654_/X (sky130_fd_sc_hd__and4bb_4)
                                         _0289_ (net)
                  0.10    0.00    1.24 v _0709_/A2 (sky130_fd_sc_hd__a22o_1)
     1    0.00    0.04    0.25    1.49 v _0709_/X (sky130_fd_sc_hd__a22o_1)
                                         _0340_ (net)
                  0.04    0.00    1.49 v _0710_/C1 (sky130_fd_sc_hd__a221o_1)
     1    0.00    0.05    0.25    1.74 v _0710_/X (sky130_fd_sc_hd__a221o_1)
                                         _0341_ (net)
                  0.05    0.00    1.74 v _0713_/C (sky130_fd_sc_hd__or4_1)
     1    0.00    0.10    0.48    2.22 v _0713_/X (sky130_fd_sc_hd__or4_1)
                                         _0344_ (net)
                  0.10    0.00    2.22 v _0714_/C1 (sky130_fd_sc_hd__a211o_1)
     1    0.02    0.11    0.31    2.54 v _0714_/X (sky130_fd_sc_hd__a211o_1)
                                         _0345_ (net)
                  0.11    0.00    2.54 v _0716_/B1 (sky130_fd_sc_hd__a22o_1)
     1    0.00    0.04    0.20    2.73 v _0716_/X (sky130_fd_sc_hd__a22o_1)
                                         _0049_ (net)
                  0.04    0.00    2.73 v _1109_/D (sky130_fd_sc_hd__dfrtp_1)
                                  2.73   data arrival time

                         12.50   12.50   clock rd_clk (rise edge)
                          0.00   12.50   clock source latency
     1    0.02    0.00    0.00   12.50 ^ rd_clk (in)
                                         rd_clk (net)
                  0.00    0.00   12.50 ^ clkbuf_0_rd_clk/A (sky130_fd_sc_hd__clkbuf_16)
     2    0.02    0.04    0.11   12.61 ^ clkbuf_0_rd_clk/X (sky130_fd_sc_hd__clkbuf_16)
                                         clknet_0_rd_clk (net)
                  0.04    0.00   12.61 ^ clkbuf_1_0__f_rd_clk/A (sky130_fd_sc_hd__clkbuf_16)
    12    0.05    0.07    0.15   12.76 ^ clkbuf_1_0__f_rd_clk/X (sky130_fd_sc_hd__clkbuf_16)
                                         clknet_1_0__leaf_rd_clk (net)
                  0.07    0.00   12.76 ^ _1109_/CLK (sky130_fd_sc_hd__dfrtp_1)
                          0.00   12.76   clock reconvergence pessimism
                         -0.11   12.65   library setup time
                                 12.65   data required time
-----------------------------------------------------------------------------
                                 12.65   data required time
                                 -2.73   data arrival time
-----------------------------------------------------------------------------
                                  9.92   slack (MET)


Startpoint: _1134_ (rising edge-triggered flip-flop clocked by wr_clk)
Endpoint: _1188_ (rising edge-triggered flip-flop clocked by wr_clk)
Path Group: wr_clk
Path Type: max
Corner: Typical

Fanout     Cap    Slew   Delay    Time   Description
-----------------------------------------------------------------------------
                          0.00    0.00   clock wr_clk (rise edge)
                          0.00    0.00   clock source latency
     1    0.03    0.00    0.00    0.00 ^ wr_clk (in)
                                         wr_clk (net)
                  0.00    0.00    0.00 ^ clkbuf_0_wr_clk/A (sky130_fd_sc_hd__clkbuf_16)
    16    0.11    0.13    0.18    0.18 ^ clkbuf_0_wr_clk/X (sky130_fd_sc_hd__clkbuf_16)
                                         clknet_0_wr_clk (net)
                  0.13    0.00    0.18 ^ clkbuf_4_10_0_wr_clk/A (sky130_fd_sc_hd__clkbuf_8)
     7    0.04    0.08    0.19    0.37 ^ clkbuf_4_10_0_wr_clk/X (sky130_fd_sc_hd__clkbuf_8)
                                         clknet_4_10_0_wr_clk (net)
                  0.08    0.00    0.37 ^ _1134_/CLK (sky130_fd_sc_hd__dfrtp_1)
     2    0.01    0.06    0.39    0.76 v _1134_/Q (sky130_fd_sc_hd__dfrtp_1)
                                         wr_ptr[1] (net)
                  0.06    0.00    0.76 v _0547_/A (sky130_fd_sc_hd__buf_2)
    10    0.03    0.09    0.19    0.94 v _0547_/X (sky130_fd_sc_hd__buf_2)
                                         _0200_ (net)
                  0.09    0.00    0.94 v _0548_/C (sky130_fd_sc_hd__and4_1)
     3    0.01    0.08    0.25    1.20 v _0548_/X (sky130_fd_sc_hd__and4_1)
                                         _0201_ (net)
                  0.08    0.00    1.20 v _0549_/B (sky130_fd_sc_hd__xor2_1)
     2    0.01    0.07    0.16    1.36 v _0549_/X (sky130_fd_sc_hd__xor2_1)
                                         _0202_ (net)
                  0.07    0.00    1.36 v _0565_/B1 (sky130_fd_sc_hd__a221o_1)
     1    0.00    0.05    0.29    1.65 v _0565_/X (sky130_fd_sc_hd__a221o_1)
                                         _0218_ (net)
                  0.05    0.00    1.65 v _0568_/C (sky130_fd_sc_hd__or4_1)
     2    0.01    0.11    0.50    2.15 v _0568_/X (sky130_fd_sc_hd__or4_1)
                                         _0221_ (net)
                  0.11    0.00    2.15 v _0569_/A (sky130_fd_sc_hd__clkbuf_4)
    10    0.04    0.10    0.23    2.37 v _0569_/X (sky130_fd_sc_hd__clkbuf_4)
                                         _0222_ (net)
                  0.10    0.00    2.38 v _0905_/A2 (sky130_fd_sc_hd__o2111a_4)
     8    0.07    0.12    0.39    2.77 v _0905_/X (sky130_fd_sc_hd__o2111a_4)
                                         _0444_ (net)
                  0.12    0.00    2.77 v _0918_/S (sky130_fd_sc_hd__mux2_1)
     1    0.00    0.06    0.34    3.11 v _0918_/X (sky130_fd_sc_hd__mux2_1)
                                         _0451_ (net)
                  0.06    0.00    3.11 v _0919_/A (sky130_fd_sc_hd__clkbuf_1)
     1    0.00    0.03    0.09    3.21 v _0919_/X (sky130_fd_sc_hd__clkbuf_1)
                                         _0118_ (net)
                  0.03    0.00    3.21 v _1188_/D (sky130_fd_sc_hd__dfxtp_1)
                                  3.21   data arrival time

                         10.00   10.00   clock wr_clk (rise edge)
                          0.00   10.00   clock source latency
     1    0.03    0.00    0.00   10.00 ^ wr_clk (in)
                                         wr_clk (net)
                  0.00    0.00   10.00 ^ clkbuf_0_wr_clk/A (sky130_fd_sc_hd__clkbuf_16)
    16    0.11    0.13    0.18   10.18 ^ clkbuf_0_wr_clk/X (sky130_fd_sc_hd__clkbuf_16)
                                         clknet_0_wr_clk (net)
                  0.13    0.00   10.18 ^ clkbuf_4_13_0_wr_clk/A (sky130_fd_sc_hd__clkbuf_8)
     8    0.04    0.08    0.19   10.37 ^ clkbuf_4_13_0_wr_clk/X (sky130_fd_sc_hd__clkbuf_8)
                                         clknet_4_13_0_wr_clk (net)
                  0.08    0.00   10.37 ^ _1188_/CLK (sky130_fd_sc_hd__dfxtp_1)
                          0.00   10.37   clock reconvergence pessimism
                         -0.09   10.28   library setup time
                                 10.28   data required time
-----------------------------------------------------------------------------
                                 10.28   data required time
                                 -3.21   data arrival time
-----------------------------------------------------------------------------
                                  7.07   slack (MET)




===========================================================================
report_checks --slack_max -0.01
============================================================================
======================= Fastest Corner ===================================

No paths found.

======================= Slowest Corner ===================================

No paths found.

======================= Typical Corner ===================================

No paths found.


===========================================================================
 report_check_types -max_slew -max_cap -max_fanout -violators
============================================================================
======================= Fastest Corner ===================================


max slew violations count Fastest: 0
max fanout violations count Fastest: 0
max cap violations count Fastest: 0
======================= Slowest Corner ===================================


max slew violations count Slowest: 0
max fanout violations count Slowest: 0
max cap violations count Slowest: 0
======================= Typical Corner ===================================


max slew violations count Typical: 0
max fanout violations count Typical: 0
max cap violations count Typical: 0

===========================================================================
report_parasitic_annotation -report_unannotated
============================================================================
Found 16 unannotated drivers.
 clkload0/Y
 clkload1/Y
 clkload10/Y
 clkload11/Y
 clkload12/Y
 clkload13/Y
 clkload14/Y
 clkload15/Y
 clkload2/Y
 clkload3/Y
 clkload4/Y
 clkload5/Y
 clkload6/Y
 clkload7/Y
 clkload8/Y
 clkload9/Y
Found 0 partially unannotated drivers.

===========================================================================
max slew violation count 0
max fanout violation count 0
max cap violation count 0
============================================================================

===========================================================================
check_setup -verbose -unconstrained_endpoints -multiple_clock -no_clock -no_input_delay -loops -generated_clocks
===========================================================================
Warning: There are 2 input ports missing set_input_delay.
  rd_rst
  wr_rst
