
===========================================================================
report_checks -unconstrained
===========================================================================
======================= Fastest Corner ===================================

Startpoint: _1116_ (rising edge-triggered flip-flop clocked by rd_clk)
Endpoint: _1109_ (rising edge-triggered flip-flop clocked by rd_clk)
Path Group: rd_clk
Path Type: max
Corner: Fastest

Fanout     Cap    Slew   Delay    Time   Description
-----------------------------------------------------------------------------
                          0.00    0.00   clock rd_clk (rise edge)
                          0.00    0.00   clock source latency
     1    0.02    0.00    0.00    0.00 ^ rd_clk (in)
                                         rd_clk (net)
                  0.00    0.00    0.00 ^ clkbuf_0_rd_clk/A (sky130_fd_sc_hd__clkbuf_16)
     2    0.02    0.03    0.08    0.08 ^ clkbuf_0_rd_clk/X (sky130_fd_sc_hd__clkbuf_16)
                                         clknet_0_rd_clk (net)
                  0.03    0.00    0.08 ^ clkbuf_1_0__f_rd_clk/A (sky130_fd_sc_hd__clkbuf_16)
    12    0.05    0.05    0.10    0.18 ^ clkbuf_1_0__f_rd_clk/X (sky130_fd_sc_hd__clkbuf_16)
                                         clknet_1_0__leaf_rd_clk (net)
                  0.05    0.00    0.18 ^ _1116_/CLK (sky130_fd_sc_hd__dfrtp_1)
     4    0.02    0.12    0.27    0.46 ^ _1116_/Q (sky130_fd_sc_hd__dfrtp_1)
                                         rd_ptr[2] (net)
                  0.12    0.00    0.46 ^ _0641_/A (sky130_fd_sc_hd__clkbuf_4)
    10    0.05    0.11    0.17    0.63 ^ _0641_/X (sky130_fd_sc_hd__clkbuf_4)
                                         _0276_ (net)
                  0.11    0.00    0.63 ^ _0654_/B_N (sky130_fd_sc_hd__and4bb_4)
     8    0.07    0.08    0.22    0.85 v _0654_/X (sky130_fd_sc_hd__and4bb_4)
                                         _0289_ (net)
                  0.09    0.01    0.86 v _0709_/A2 (sky130_fd_sc_hd__a22o_1)
     1    0.00    0.03    0.14    1.00 v _0709_/X (sky130_fd_sc_hd__a22o_1)
                                         _0340_ (net)
                  0.03    0.00    1.00 v _0710_/C1 (sky130_fd_sc_hd__a221o_1)
     1    0.00    0.03    0.09    1.09 v _0710_/X (sky130_fd_sc_hd__a221o_1)
                                         _0341_ (net)
                  0.03    0.00    1.09 v _0713_/C (sky130_fd_sc_hd__or4_1)
     1    0.01    0.07    0.28    1.37 v _0713_/X (sky130_fd_sc_hd__or4_1)
                                         _0344_ (net)
                  0.07    0.00    1.37 v _0714_/C1 (sky130_fd_sc_hd__a211o_1)
     1    0.02    0.08    0.16    1.53 v _0714_/X (sky130_fd_sc_hd__a211o_1)
                                         _0345_ (net)
                  0.08    0.00    1.53 v _0716_/B1 (sky130_fd_sc_hd__a22o_1)
     1    0.00    0.03    0.10    1.63 v _0716_/X (sky130_fd_sc_hd__a22o_1)
                                         _0049_ (net)
                  0.03    0.00    1.63 v _1109_/D (sky130_fd_sc_hd__dfrtp_1)
                                  1.63   data arrival time

                         12.50   12.50   clock rd_clk (rise edge)
                          0.00   12.50   clock source latency
     1    0.02    0.00    0.00   12.50 ^ rd_clk (in)
                                         rd_clk (net)
                  0.00    0.00   12.50 ^ clkbuf_0_rd_clk/A (sky130_fd_sc_hd__clkbuf_16)
     2    0.02    0.03    0.08   12.58 ^ clkbuf_0_rd_clk/X (sky130_fd_sc_hd__clkbuf_16)
                                         clknet_0_rd_clk (net)
                  0.03    0.00   12.58 ^ clkbuf_1_0__f_rd_clk/A (sky130_fd_sc_hd__clkbuf_16)
    12    0.05    0.05    0.10   12.68 ^ clkbuf_1_0__f_rd_clk/X (sky130_fd_sc_hd__clkbuf_16)
                                         clknet_1_0__leaf_rd_clk (net)
                  0.05    0.00   12.68 ^ _1109_/CLK (sky130_fd_sc_hd__dfrtp_1)
                          0.00   12.68   clock reconvergence pessimism
                         -0.07   12.62   library setup time
                                 12.62   data required time
-----------------------------------------------------------------------------
                                 12.62   data required time
                                 -1.63   data arrival time
-----------------------------------------------------------------------------
                                 10.98   slack (MET)


Startpoint: _1134_ (rising edge-triggered flip-flop clocked by wr_clk)
Endpoint: _1188_ (rising edge-triggered flip-flop clocked by wr_clk)
Path Group: wr_clk
Path Type: max
Corner: Fastest

Fanout     Cap    Slew   Delay    Time   Description
-----------------------------------------------------------------------------
                          0.00    0.00   clock wr_clk (rise edge)
                          0.00    0.00   clock source latency
     1    0.03    0.00    0.00    0.00 ^ wr_clk (in)
                                         wr_clk (net)
                  0.00    0.00    0.00 ^ clkbuf_0_wr_clk/A (sky130_fd_sc_hd__clkbuf_16)
    16    0.12    0.11    0.13    0.13 ^ clkbuf_0_wr_clk/X (sky130_fd_sc_hd__clkbuf_16)
                                         clknet_0_wr_clk (net)
                  0.11    0.01    0.14 ^ clkbuf_4_10_0_wr_clk/A (sky130_fd_sc_hd__clkbuf_8)
     7    0.04    0.06    0.13    0.27 ^ clkbuf_4_10_0_wr_clk/X (sky130_fd_sc_hd__clkbuf_8)
                                         clknet_4_10_0_wr_clk (net)
                  0.06    0.00    0.27 ^ _1134_/CLK (sky130_fd_sc_hd__dfrtp_1)
     2    0.01    0.04    0.25    0.52 v _1134_/Q (sky130_fd_sc_hd__dfrtp_1)
                                         wr_ptr[1] (net)
                  0.04    0.00    0.52 v _0547_/A (sky130_fd_sc_hd__buf_2)
    10    0.04    0.07    0.13    0.65 v _0547_/X (sky130_fd_sc_hd__buf_2)
                                         _0200_ (net)
                  0.07    0.00    0.65 v _0550_/A1 (sky130_fd_sc_hd__a21oi_1)
     3    0.01    0.20    0.18    0.83 ^ _0550_/Y (sky130_fd_sc_hd__a21oi_1)
                                         _0203_ (net)
                  0.20    0.00    0.83 ^ _0551_/B (sky130_fd_sc_hd__xor2_1)
     3    0.01    0.21    0.19    1.01 ^ _0551_/X (sky130_fd_sc_hd__xor2_1)
                                         _0204_ (net)
                  0.21    0.00    1.02 ^ _0560_/B (sky130_fd_sc_hd__nor2_1)
     1    0.00    0.05    0.02    1.04 v _0560_/Y (sky130_fd_sc_hd__nor2_1)
                                         _0213_ (net)
                  0.05    0.00    1.04 v _0568_/B (sky130_fd_sc_hd__or4_1)
     2    0.01    0.07    0.31    1.35 v _0568_/X (sky130_fd_sc_hd__or4_1)
                                         _0221_ (net)
                  0.07    0.00    1.35 v _0569_/A (sky130_fd_sc_hd__clkbuf_4)
    10    0.05    0.07    0.15    1.50 v _0569_/X (sky130_fd_sc_hd__clkbuf_4)
                                         _0222_ (net)
                  0.08    0.01    1.51 v _0905_/A2 (sky130_fd_sc_hd__o2111a_4)
     8    0.08    0.10    0.26    1.77 v _0905_/X (sky130_fd_sc_hd__o2111a_4)
                                         _0444_ (net)
                  0.10    0.01    1.78 v _0918_/S (sky130_fd_sc_hd__mux2_1)
     1    0.00    0.05    0.21    1.99 v _0918_/X (sky130_fd_sc_hd__mux2_1)
                                         _0451_ (net)
                  0.05    0.00    1.99 v _0919_/A (sky130_fd_sc_hd__clkbuf_1)
     1    0.00    0.02    0.06    2.06 v _0919_/X (sky130_fd_sc_hd__clkbuf_1)
                                         _0118_ (net)
                  0.02    0.00    2.06 v _1188_/D (sky130_fd_sc_hd__dfxtp_1)
                                  2.06   data arrival time

                         10.00   10.00   clock wr_clk (rise edge)
                          0.00   10.00   clock source latency
     1    0.03    0.00    0.00   10.00 ^ wr_clk (in)
                                         wr_clk (net)
                  0.00    0.00   10.00 ^ clkbuf_0_wr_clk/A (sky130_fd_sc_hd__clkbuf_16)
    16    0.12    0.11    0.13   10.13 ^ clkbuf_0_wr_clk/X (sky130_fd_sc_hd__clkbuf_16)
                                         clknet_0_wr_clk (net)
                  0.11    0.01   10.14 ^ clkbuf_4_13_0_wr_clk/A (sky130_fd_sc_hd__clkbuf_8)
     8    0.04    0.06    0.13   10.27 ^ clkbuf_4_13_0_wr_clk/X (sky130_fd_sc_hd__clkbuf_8)
                                         clknet_4_13_0_wr_clk (net)
                  0.06    0.00   10.27 ^ _1188_/CLK (sky130_fd_sc_hd__dfxtp_1)
                          0.00   10.27   clock reconvergence pessimism
                         -0.06   10.21   library setup time
                                 10.21   data required time
-----------------------------------------------------------------------------
                                 10.21   data required time
                                 -2.06   data arrival time
-----------------------------------------------------------------------------
                                  8.15   slack (MET)



======================= Slowest Corner ===================================

Startpoint: _1114_ (rising edge-triggered flip-flop clocked by rd_clk)
Endpoint: _1107_ (rising edge-triggered flip-flop clocked by rd_clk)
Path Group: rd_clk
Path Type: max
Corner: Slowest

Fanout     Cap    Slew   Delay    Time   Description
-----------------------------------------------------------------------------
                          0.00    0.00   clock rd_clk (rise edge)
                          0.00    0.00   clock source latency
     1    0.02    0.00    0.00    0.00 ^ rd_clk (in)
                                         rd_clk (net)
                  0.00    0.00    0.00 ^ clkbuf_0_rd_clk/A (sky130_fd_sc_hd__clkbuf_16)
     2    0.02    0.07    0.19    0.19 ^ clkbuf_0_rd_clk/X (sky130_fd_sc_hd__clkbuf_16)
                                         clknet_0_rd_clk (net)
                  0.07    0.00    0.19 ^ clkbuf_1_0__f_rd_clk/A (sky130_fd_sc_hd__clkbuf_16)
    12    0.05    0.11    0.26    0.45 ^ clkbuf_1_0__f_rd_clk/X (sky130_fd_sc_hd__clkbuf_16)
                                         clknet_1_0__leaf_rd_clk (net)
                  0.11    0.00    0.45 ^ _1114_/CLK (sky130_fd_sc_hd__dfrtp_4)
     9    0.03    0.18    1.10    1.55 v _1114_/Q (sky130_fd_sc_hd__dfrtp_4)
                                         rd_ptr[0] (net)
                  0.18    0.00    1.55 v _0616_/A (sky130_fd_sc_hd__buf_4)
    10    0.05    0.14    0.39    1.94 v _0616_/X (sky130_fd_sc_hd__buf_4)
                                         _0259_ (net)
                  0.14    0.00    1.95 v _0663_/C (sky130_fd_sc_hd__and4bb_4)
     8    0.06    0.18    0.51    2.45 v _0663_/X (sky130_fd_sc_hd__and4bb_4)
                                         _0298_ (net)
                  0.18    0.01    2.46 v _0733_/B1 (sky130_fd_sc_hd__a22o_1)
     1    0.01    0.14    0.45    2.91 v _0733_/X (sky130_fd_sc_hd__a22o_1)
                                         _0362_ (net)
                  0.14    0.00    2.91 v _0734_/C1 (sky130_fd_sc_hd__a221o_1)
     1    0.00    0.08    0.50    3.41 v _0734_/X (sky130_fd_sc_hd__a221o_1)
                                         _0363_ (net)
                  0.08    0.00    3.41 v _0737_/C (sky130_fd_sc_hd__or4_1)
     1    0.01    0.23    1.19    4.60 v _0737_/X (sky130_fd_sc_hd__or4_1)
                                         _0366_ (net)
                  0.23    0.00    4.60 v _0738_/C1 (sky130_fd_sc_hd__a211o_1)
     1    0.01    0.16    0.57    5.17 v _0738_/X (sky130_fd_sc_hd__a211o_1)
                                         _0367_ (net)
                  0.16    0.00    5.17 v _0740_/B1 (sky130_fd_sc_hd__a22o_1)
     1    0.00    0.07    0.36    5.53 v _0740_/X (sky130_fd_sc_hd__a22o_1)
                                         _0047_ (net)
                  0.07    0.00    5.53 v _1107_/D (sky130_fd_sc_hd__dfrtp_1)
                                  5.53   data arrival time

                         12.50   12.50   clock rd_clk (rise edge)
                          0.00   12.50   clock source latency
     1    0.02    0.00    0.00   12.50 ^ rd_clk (in)
                                         rd_clk (net)
                  0.00    0.00   12.50 ^ clkbuf_0_rd_clk/A (sky130_fd_sc_hd__clkbuf_16)
     2    0.02    0.07    0.19   12.69 ^ clkbuf_0_rd_clk/X (sky130_fd_sc_hd__clkbuf_16)
                                         clknet_0_rd_clk (net)
                  0.07    0.00   12.69 ^ clkbuf_1_0__f_rd_clk/A (sky130_fd_sc_hd__clkbuf_16)
    12    0.05    0.11    0.26   12.95 ^ clkbuf_1_0__f_rd_clk/X (sky130_fd_sc_hd__clkbuf_16)
                                         clknet_1_0__leaf_rd_clk (net)
                  0.11    0.00   12.96 ^ _1107_/CLK (sky130_fd_sc_hd__dfrtp_1)
                          0.00   12.96   clock reconvergence pessimism
                         -0.27   12.69   library setup time
                                 12.69   data required time
-----------------------------------------------------------------------------
                                 12.69   data required time
                                 -5.53   data arrival time
-----------------------------------------------------------------------------
                                  7.16   slack (MET)


Startpoint: _1134_ (rising edge-triggered flip-flop clocked by wr_clk)
Endpoint: _1188_ (rising edge-triggered flip-flop clocked by wr_clk)
Path Group: wr_clk
Path Type: max
Corner: Slowest

Fanout     Cap    Slew   Delay    Time   Description
-----------------------------------------------------------------------------
                          0.00    0.00   clock wr_clk (rise edge)
                          0.00    0.00   clock source latency
     1    0.03    0.00    0.00    0.00 ^ wr_clk (in)
                                         wr_clk (net)
                  0.00    0.00    0.00 ^ clkbuf_0_wr_clk/A (sky130_fd_sc_hd__clkbuf_16)
    16    0.12    0.21    0.31    0.31 ^ clkbuf_0_wr_clk/X (sky130_fd_sc_hd__clkbuf_16)
                                         clknet_0_wr_clk (net)
                  0.21    0.01    0.32 ^ clkbuf_4_10_0_wr_clk/A (sky130_fd_sc_hd__clkbuf_8)
     7    0.04    0.13    0.34    0.66 ^ clkbuf_4_10_0_wr_clk/X (sky130_fd_sc_hd__clkbuf_8)
                                         clknet_4_10_0_wr_clk (net)
                  0.13    0.00    0.66 ^ _1134_/CLK (sky130_fd_sc_hd__dfrtp_1)
     2    0.01    0.12    0.81    1.47 v _1134_/Q (sky130_fd_sc_hd__dfrtp_1)
                                         wr_ptr[1] (net)
                  0.12    0.00    1.47 v _0547_/A (sky130_fd_sc_hd__buf_2)
    10    0.04    0.18    0.37    1.84 v _0547_/X (sky130_fd_sc_hd__buf_2)
                                         _0200_ (net)
                  0.18    0.00    1.84 v _0548_/C (sky130_fd_sc_hd__and4_1)
     3    0.01    0.16    0.53    2.37 v _0548_/X (sky130_fd_sc_hd__and4_1)
                                         _0201_ (net)
                  0.16    0.00    2.37 v _0549_/B (sky130_fd_sc_hd__xor2_1)
     2    0.01    0.14    0.32    2.69 v _0549_/X (sky130_fd_sc_hd__xor2_1)
                                         _0202_ (net)
                  0.14    0.00    2.69 v _0565_/B1 (sky130_fd_sc_hd__a221o_1)
     1    0.00    0.09    0.56    3.26 v _0565_/X (sky130_fd_sc_hd__a221o_1)
                                         _0218_ (net)
                  0.09    0.00    3.26 v _0568_/C (sky130_fd_sc_hd__or4_1)
     2    0.01    0.23    1.19    4.45 v _0568_/X (sky130_fd_sc_hd__or4_1)
                                         _0221_ (net)
                  0.23    0.00    4.45 v _0569_/A (sky130_fd_sc_hd__clkbuf_4)
    10    0.05    0.18    0.43    4.88 v _0569_/X (sky130_fd_sc_hd__clkbuf_4)
                                         _0222_ (net)
                  0.18    0.01    4.89 v _0905_/A2 (sky130_fd_sc_hd__o2111a_4)
     8    0.08    0.25    0.72    5.61 v _0905_/X (sky130_fd_sc_hd__o2111a_4)
                                         _0444_ (net)
                  0.25    0.01    5.63 v _0918_/S (sky130_fd_sc_hd__mux2_1)
     1    0.00    0.13    0.79    6.42 v _0918_/X (sky130_fd_sc_hd__mux2_1)
                                         _0451_ (net)
                  0.13    0.00    6.42 v _0919_/A (sky130_fd_sc_hd__clkbuf_1)
     1    0.00    0.05    0.19    6.60 v _0919_/X (sky130_fd_sc_hd__clkbuf_1)
                                         _0118_ (net)
                  0.05    0.00    6.60 v _1188_/D (sky130_fd_sc_hd__dfxtp_1)
                                  6.60   data arrival time

                         10.00   10.00   clock wr_clk (rise edge)
                          0.00   10.00   clock source latency
     1    0.03    0.00    0.00   10.00 ^ wr_clk (in)
                                         wr_clk (net)
                  0.00    0.00   10.00 ^ clkbuf_0_wr_clk/A (sky130_fd_sc_hd__clkbuf_16)
    16    0.12    0.21    0.31   10.31 ^ clkbuf_0_wr_clk/X (sky130_fd_sc_hd__clkbuf_16)
                                         clknet_0_wr_clk (net)
                  0.21    0.01   10.32 ^ clkbuf_4_13_0_wr_clk/A (sky130_fd_sc_hd__clkbuf_8)
     8    0.04    0.13    0.34   10.66 ^ clkbuf_4_13_0_wr_clk/X (sky130_fd_sc_hd__clkbuf_8)
                                         clknet_4_13_0_wr_clk (net)
                  0.13    0.00   10.66 ^ _1188_/CLK (sky130_fd_sc_hd__dfxtp_1)
                          0.00   10.66   clock reconvergence pessimism
                         -0.24   10.42   library setup time
                                 10.42   data required time
-----------------------------------------------------------------------------
                                 10.42   data required time
                                 -6.60   data arrival time
-----------------------------------------------------------------------------
                                  3.81   slack (MET)



======================= Typical Corner ===================================

Startpoint: _1116_ (rising edge-triggered flip-flop clocked by rd_clk)
Endpoint: _1109_ (rising edge-triggered flip-flop clocked by rd_clk)
Path Group: rd_clk
Path Type: max
Corner: Typical

Fanout     Cap    Slew   Delay    Time   Description
-----------------------------------------------------------------------------
                          0.00    0.00   clock rd_clk (rise edge)
                          0.00    0.00   clock source latency
     1    0.02    0.00    0.00    0.00 ^ rd_clk (in)
                                         rd_clk (net)
                  0.00    0.00    0.00 ^ clkbuf_0_rd_clk/A (sky130_fd_sc_hd__clkbuf_16)
     2    0.02    0.04    0.11    0.11 ^ clkbuf_0_rd_clk/X (sky130_fd_sc_hd__clkbuf_16)
                                         clknet_0_rd_clk (net)
                  0.04    0.00    0.11 ^ clkbuf_1_0__f_rd_clk/A (sky130_fd_sc_hd__clkbuf_16)
    12    0.05    0.07    0.15    0.26 ^ clkbuf_1_0__f_rd_clk/X (sky130_fd_sc_hd__clkbuf_16)
                                         clknet_1_0__leaf_rd_clk (net)
                  0.07    0.00    0.26 ^ _1116_/CLK (sky130_fd_sc_hd__dfrtp_1)
     4    0.02    0.17    0.42    0.68 ^ _1116_/Q (sky130_fd_sc_hd__dfrtp_1)
                                         rd_ptr[2] (net)
                  0.17    0.00    0.68 ^ _0641_/A (sky130_fd_sc_hd__clkbuf_4)
    10    0.05    0.15    0.25    0.93 ^ _0641_/X (sky130_fd_sc_hd__clkbuf_4)
                                         _0276_ (net)
                  0.15    0.00    0.94 ^ _0654_/B_N (sky130_fd_sc_hd__and4bb_4)
     8    0.07    0.11    0.33    1.27 v _0654_/X (sky130_fd_sc_hd__and4bb_4)
                                         _0289_ (net)
                  0.11    0.01    1.28 v _0709_/A2 (sky130_fd_sc_hd__a22o_1)
     1    0.00    0.04    0.26    1.53 v _0709_/X (sky130_fd_sc_hd__a22o_1)
                                         _0340_ (net)
                  0.04    0.00    1.53 v _0710_/C1 (sky130_fd_sc_hd__a221o_1)
     1    0.00    0.05    0.26    1.79 v _0710_/X (sky130_fd_sc_hd__a221o_1)
                                         _0341_ (net)
                  0.05    0.00    1.79 v _0713_/C (sky130_fd_sc_hd__or4_1)
     1    0.01    0.10    0.49    2.28 v _0713_/X (sky130_fd_sc_hd__or4_1)
                                         _0344_ (net)
                  0.10    0.00    2.28 v _0714_/C1 (sky130_fd_sc_hd__a211o_1)
     1    0.02    0.12    0.32    2.60 v _0714_/X (sky130_fd_sc_hd__a211o_1)
                                         _0345_ (net)
                  0.12    0.00    2.60 v _0716_/B1 (sky130_fd_sc_hd__a22o_1)
     1    0.00    0.04    0.20    2.80 v _0716_/X (sky130_fd_sc_hd__a22o_1)
                                         _0049_ (net)
                  0.04    0.00    2.80 v _1109_/D (sky130_fd_sc_hd__dfrtp_1)
                                  2.80   data arrival time

                         12.50   12.50   clock rd_clk (rise edge)
                          0.00   12.50   clock source latency
     1    0.02    0.00    0.00   12.50 ^ rd_clk (in)
                                         rd_clk (net)
                  0.00    0.00   12.50 ^ clkbuf_0_rd_clk/A (sky130_fd_sc_hd__clkbuf_16)
     2    0.02    0.04    0.11   12.61 ^ clkbuf_0_rd_clk/X (sky130_fd_sc_hd__clkbuf_16)
                                         clknet_0_rd_clk (net)
                  0.04    0.00   12.61 ^ clkbuf_1_0__f_rd_clk/A (sky130_fd_sc_hd__clkbuf_16)
    12    0.05    0.07    0.15   12.76 ^ clkbuf_1_0__f_rd_clk/X (sky130_fd_sc_hd__clkbuf_16)
                                         clknet_1_0__leaf_rd_clk (net)
                  0.07    0.00   12.76 ^ _1109_/CLK (sky130_fd_sc_hd__dfrtp_1)
                          0.00   12.76   clock reconvergence pessimism
                         -0.11   12.66   library setup time
                                 12.66   data required time
-----------------------------------------------------------------------------
                                 12.66   data required time
                                 -2.80   data arrival time
-----------------------------------------------------------------------------
                                  9.85   slack (MET)


Startpoint: _1134_ (rising edge-triggered flip-flop clocked by wr_clk)
Endpoint: _1188_ (rising edge-triggered flip-flop clocked by wr_clk)
Path Group: wr_clk
Path Type: max
Corner: Typical

Fanout     Cap    Slew   Delay    Time   Description
-----------------------------------------------------------------------------
                          0.00    0.00   clock wr_clk (rise edge)
                          0.00    0.00   clock source latency
     1    0.03    0.00    0.00    0.00 ^ wr_clk (in)
                                         wr_clk (net)
                  0.00    0.00    0.00 ^ clkbuf_0_wr_clk/A (sky130_fd_sc_hd__clkbuf_16)
    16    0.12    0.14    0.18    0.19 ^ clkbuf_0_wr_clk/X (sky130_fd_sc_hd__clkbuf_16)
                                         clknet_0_wr_clk (net)
                  0.14    0.01    0.19 ^ clkbuf_4_10_0_wr_clk/A (sky130_fd_sc_hd__clkbuf_8)
     7    0.04    0.08    0.19    0.38 ^ clkbuf_4_10_0_wr_clk/X (sky130_fd_sc_hd__clkbuf_8)
                                         clknet_4_10_0_wr_clk (net)
                  0.08    0.00    0.39 ^ _1134_/CLK (sky130_fd_sc_hd__dfrtp_1)
     2    0.01    0.06    0.39    0.78 v _1134_/Q (sky130_fd_sc_hd__dfrtp_1)
                                         wr_ptr[1] (net)
                  0.06    0.00    0.78 v _0547_/A (sky130_fd_sc_hd__buf_2)
    10    0.04    0.09    0.19    0.97 v _0547_/X (sky130_fd_sc_hd__buf_2)
                                         _0200_ (net)
                  0.09    0.00    0.97 v _0548_/C (sky130_fd_sc_hd__and4_1)
     3    0.01    0.08    0.25    1.23 v _0548_/X (sky130_fd_sc_hd__and4_1)
                                         _0201_ (net)
                  0.08    0.00    1.23 v _0549_/B (sky130_fd_sc_hd__xor2_1)
     2    0.01    0.07    0.16    1.39 v _0549_/X (sky130_fd_sc_hd__xor2_1)
                                         _0202_ (net)
                  0.07    0.00    1.39 v _0565_/B1 (sky130_fd_sc_hd__a221o_1)
     1    0.00    0.05    0.29    1.68 v _0565_/X (sky130_fd_sc_hd__a221o_1)
                                         _0218_ (net)
                  0.05    0.00    1.68 v _0568_/C (sky130_fd_sc_hd__or4_1)
     2    0.01    0.11    0.50    2.19 v _0568_/X (sky130_fd_sc_hd__or4_1)
                                         _0221_ (net)
                  0.11    0.00    2.19 v _0569_/A (sky130_fd_sc_hd__clkbuf_4)
    10    0.05    0.10    0.23    2.42 v _0569_/X (sky130_fd_sc_hd__clkbuf_4)
                                         _0222_ (net)
                  0.11    0.01    2.42 v _0905_/A2 (sky130_fd_sc_hd__o2111a_4)
     8    0.08    0.14    0.40    2.82 v _0905_/X (sky130_fd_sc_hd__o2111a_4)
                                         _0444_ (net)
                  0.14    0.01    2.83 v _0918_/S (sky130_fd_sc_hd__mux2_1)
     1    0.00    0.06    0.35    3.18 v _0918_/X (sky130_fd_sc_hd__mux2_1)
                                         _0451_ (net)
                  0.06    0.00    3.18 v _0919_/A (sky130_fd_sc_hd__clkbuf_1)
     1    0.00    0.03    0.10    3.28 v _0919_/X (sky130_fd_sc_hd__clkbuf_1)
                                         _0118_ (net)
                  0.03    0.00    3.28 v _1188_/D (sky130_fd_sc_hd__dfxtp_1)
                                  3.28   data arrival time

                         10.00   10.00   clock wr_clk (rise edge)
                          0.00   10.00   clock source latency
     1    0.03    0.00    0.00   10.00 ^ wr_clk (in)
                                         wr_clk (net)
                  0.00    0.00   10.00 ^ clkbuf_0_wr_clk/A (sky130_fd_sc_hd__clkbuf_16)
    16    0.12    0.14    0.18   10.19 ^ clkbuf_0_wr_clk/X (sky130_fd_sc_hd__clkbuf_16)
                                         clknet_0_wr_clk (net)
                  0.14    0.01   10.19 ^ clkbuf_4_13_0_wr_clk/A (sky130_fd_sc_hd__clkbuf_8)
     8    0.04    0.08    0.19   10.38 ^ clkbuf_4_13_0_wr_clk/X (sky130_fd_sc_hd__clkbuf_8)
                                         clknet_4_13_0_wr_clk (net)
                  0.08    0.00   10.39 ^ _1188_/CLK (sky130_fd_sc_hd__dfxtp_1)
                          0.00   10.39   clock reconvergence pessimism
                         -0.09   10.29   library setup time
                                 10.29   data required time
-----------------------------------------------------------------------------
                                 10.29   data required time
                                 -3.28   data arrival time
-----------------------------------------------------------------------------
                                  7.01   slack (MET)




===========================================================================
report_checks --slack_max -0.01
============================================================================
======================= Fastest Corner ===================================

No paths found.

======================= Slowest Corner ===================================

No paths found.

======================= Typical Corner ===================================

No paths found.


===========================================================================
 report_check_types -max_slew -max_cap -max_fanout -violators
============================================================================
======================= Fastest Corner ===================================


max slew violations count Fastest: 0
max fanout violations count Fastest: 0
max cap violations count Fastest: 0
======================= Slowest Corner ===================================


max slew violations count Slowest: 0
max fanout violations count Slowest: 0
max cap violations count Slowest: 0
======================= Typical Corner ===================================


max slew violations count Typical: 0
max fanout violations count Typical: 0
max cap violations count Typical: 0

===========================================================================
report_parasitic_annotation -report_unannotated
============================================================================
Found 16 unannotated drivers.
 clkload0/Y
 clkload1/Y
 clkload10/Y
 clkload11/Y
 clkload12/Y
 clkload13/Y
 clkload14/Y
 clkload15/Y
 clkload2/Y
 clkload3/Y
 clkload4/Y
 clkload5/Y
 clkload6/Y
 clkload7/Y
 clkload8/Y
 clkload9/Y
Found 0 partially unannotated drivers.

===========================================================================
max slew violation count 0
max fanout violation count 0
max cap violation count 0
============================================================================

===========================================================================
check_setup -verbose -unconstrained_endpoints -multiple_clock -no_clock -no_input_delay -loops -generated_clocks
===========================================================================
Warning: There are 2 input ports missing set_input_delay.
  rd_rst
  wr_rst
